[05:09:15] [ServerMain/INFO]: [bootstrap] Running Java 21 (OpenJDK 64-Bit Server VM 21.0.10+7-Ubuntu-124.04; Ubuntu null) on Linux 6.8.0-1044-azure (amd64)
[05:09:15] [ServerMain/INFO]: [bootstrap] Loading Paper 1.21.11-99-main@81b9122 (2026-01-20T19:08:30Z) for Minecraft 1.21.11
[05:09:15] [ServerMain/INFO]: [PluginInitializerManager] Initializing plugins...
[05:09:17] [ServerMain/INFO]: [PluginInitializerManager] Initialized 2 plugins
[05:09:17] [ServerMain/INFO]: [PluginInitializerManager] Bukkit plugins (2):
 - SkinsRestorer (15.11.0), StringDupersReturn (1.0.12)
[05:09:22] [ServerMain/INFO]: Environment: Environment[sessionHost=https://sessionserver.mojang.com, servicesHost=https://api.minecraftservices.com, profilesHost=https://api.mojang.com, name=PROD]
[05:09:22] [ServerMain/INFO]: Found new data pack file/bukkit, loading it automatically
[05:09:22] [ServerMain/INFO]: Found new data pack paper, loading it automatically
[05:09:23] [ServerMain/INFO]: No existing world data, creating new world
[05:09:24] [ServerMain/INFO]: Loaded 1470 recipes
[05:09:24] [ServerMain/INFO]: Loaded 1584 advancements
[05:09:24] [ServerMain/INFO]: [ca.spottedleaf.dataconverter.minecraft.datatypes.MCTypeRegistry] Initialising converters for DataConverter...
[05:09:24] [ServerMain/INFO]: [ca.spottedleaf.dataconverter.minecraft.datatypes.MCTypeRegistry] Finished initialising converters for DataConverter in 367.1ms
[05:09:25] [Server thread/INFO]: Starting minecraft server version 1.21.11
[05:09:25] [Server thread/INFO]: Loading properties
[05:09:25] [Server thread/INFO]: This server is running Paper version 1.21.11-99-main@81b9122 (2026-01-20T19:08:30Z) (Implementing API version 1.21.11-R0.1-SNAPSHOT)
[05:09:25] [Server thread/INFO]: [spark] This server bundles the spark profiler. For more information please visit https://docs.papermc.io/paper/profiling
[05:09:25] [Server thread/INFO]: Server Ping Player Sample Count: 12
[05:09:25] [Server thread/INFO]: Using 4 threads for Netty based IO
[05:09:27] [Server thread/INFO]: [MoonriseCommon] Paper is using 1 worker threads, 1 I/O threads
[05:09:27] [Server thread/INFO]: Default game type: SURVIVAL
[05:09:27] [Server thread/INFO]: Generating keypair
[05:09:27] [Server thread/INFO]: Starting Minecraft server on *:25565
[05:09:27] [Server thread/INFO]: Paper: Using libdeflate (Linux x86_64) compression from Velocity.
[05:09:27] [Server thread/INFO]: Paper: Using OpenSSL 3.x.x (Linux x86_64) cipher from Velocity.
[05:09:28] [Server thread/INFO]: [SkinsRestorer] Loading server plugin SkinsRestorer v15.11.0
[05:09:28] [Server thread/INFO]: [StringDupersReturn] Loading server plugin StringDupersReturn v1.0.12
[05:09:28] [Server thread/INFO]: Server permissions file permissions.yml is empty, ignoring it
[05:09:28] [Server thread/INFO]: [SkinsRestorer] Enabling SkinsRestorer v15.11.0
[05:09:29] [Server thread/INFO]: [SkinsRestorer] Running on Minecraft 1.21.11.
[05:09:30] [Server thread/INFO]: [SkinsRestorer] Using paper join listener!
[05:09:30] [Server thread/WARN]: **** SERVER IS RUNNING IN OFFLINE/INSECURE MODE!
[05:09:30] [Server thread/WARN]: The server will make no attempt to authenticate usernames. Beware.
[05:09:30] [Server thread/WARN]: While this makes the game possible to play without internet access, it also opens up the ability for hackers to connect with any username they choose.
[05:09:30] [Server thread/WARN]: To change this, set "online-mode" to "true" in the server.properties file.
[05:09:30] [Server thread/INFO]: Preparing level "world"
[05:09:30] [Folia Async Scheduler Thread #1/INFO]: [SkinsRestorer] ----------------------------------------------
[05:09:30] [Folia Async Scheduler Thread #1/INFO]: [SkinsRestorer]     +==================+
[05:09:30] [Folia Async Scheduler Thread #1/INFO]: [SkinsRestorer]     |   SkinsRestorer  |
[05:09:30] [Folia Async Scheduler Thread #1/INFO]: [SkinsRestorer]     |------------------|
[05:09:30] [Folia Async Scheduler Thread #1/INFO]: [SkinsRestorer]     |  Standalone Mode |
[05:09:30] [Folia Async Scheduler Thread #1/INFO]: [SkinsRestorer]     +==================+
[05:09:30] [Folia Async Scheduler Thread #1/INFO]: [SkinsRestorer] ----------------------------------------------
[05:09:30] [Folia Async Scheduler Thread #1/INFO]: [SkinsRestorer]     Version: 15.11.0
[05:09:30] [Folia Async Scheduler Thread #1/INFO]: [SkinsRestorer]     Commit: 52f31ab
[05:09:30] [Folia Async Scheduler Thread #1/INFO]: [SkinsRestorer]     This is the latest version!
[05:09:30] [Folia Async Scheduler Thread #1/INFO]: [SkinsRestorer] ----------------------------------------------
[05:09:30] [Folia Async Scheduler Thread #1/INFO]: [SkinsRestorer] Do you have issues? Read our troubleshooting guide: https://skinsrestorer.net/docs/troubleshooting
[05:09:30] [Folia Async Scheduler Thread #1/INFO]: [SkinsRestorer] Want to support SkinsRestorer? Consider donating: https://skinsrestorer.net/donate
[05:09:30] [Server thread/INFO]: [ca.spottedleaf.moonrise.common.util.MoonriseConstants] NUMA enable flag is not set; however there is NUMA interaction support for this OS.
[05:09:30] [Server thread/INFO]: [ca.spottedleaf.moonrise.common.util.MoonriseConstants] Detected 1 NUMA nodes.
[05:09:30] [Server thread/INFO]: Selecting spawn point for world 'minecraft:overworld'...
[05:09:31] [Server thread/INFO]: Selecting spawn point for world 'minecraft:the_nether'...
[05:09:31] [Server thread/INFO]: Selecting spawn point for world 'minecraft:the_end'...
[05:09:31] [Server thread/INFO]: Loading 0 persistent chunks for world 'minecraft:overworld'...
[05:09:31] [Server thread/INFO]: Preparing spawn area: 100%
[05:09:31] [Server thread/INFO]: Prepared spawn area in 646 ms
[05:09:31] [Server thread/INFO]: Loading 0 persistent chunks for world 'minecraft:the_nether'...
[05:09:31] [Server thread/INFO]: Preparing spawn area: 100%
[05:09:31] [Server thread/INFO]: Prepared spawn area in 219 ms
[05:09:31] [Server thread/INFO]: Loading 0 persistent chunks for world 'minecraft:the_end'...
[05:09:31] [Server thread/INFO]: Preparing spawn area: 100%
[05:09:31] [Server thread/INFO]: Prepared spawn area in 73 ms
[05:09:31] [Server thread/INFO]: Done preparing level "world" (1.237s)
[05:09:31] [Server thread/INFO]: [StringDupersReturn] Enabling StringDupersReturn v1.0.12
[05:09:31] [Server thread/INFO]: [spark] Starting background profiler...
[05:09:32] [Server thread/INFO]: Running delayed init tasks
[05:09:32] [Server thread/INFO]: Done (19.038s)! For help, type "help"
[05:09:32] [Paper Async Task Handler Thread - 1/INFO]: *** Currently you are 28 build(s) behind ***
[05:09:32] [Paper Async Task Handler Thread - 1/INFO]: *** It is highly recommended to download the latest build from https://papermc.io/downloads/paper ***
[05:09:43] [User Authenticator #0/INFO]: UUID of player Sicxtino is b202b854-eef7-3a5c-8add-c7111e30f7a1
[05:09:46] [Server thread/INFO]: Sicxtino joined the game
[05:09:46] [Server thread/INFO]: Sicxtino[/127.184.226.15:40813] logged in with entity id 84 at ([world]-38.5, 124.86813718739174, 1.5)
[05:09:53] [Server thread/INFO]: Sicxtino issued server command: /scoreboard objectives add vida health
[05:09:53] [Server thread/INFO]: [Sicxtino: Created new objective [vida]]
[05:09:56] [Server thread/INFO]: [Sicxtino: Set own game mode to Survival Mode]
[05:10:05] [Server thread/INFO]: Sicxtino issued server command: /scoreboard objectives setdisplay list vida
[05:10:05] [Server thread/INFO]: [Sicxtino: Set display slot list to show objective vida]
[05:10:23] [User Authenticator #0/INFO]: UUID of player owlfab is 66564bc4-7408-34a5-9b3f-083c02c30faf
[05:10:24] [Server thread/INFO]: owlfab joined the game
[05:10:24] [Server thread/INFO]: owlfab[/127.56.212.198:53759] logged in with entity id 702 at ([world]17.5, 70.0, -0.5)
[05:11:11] [Server thread/INFO]: Sicxtino issued server command: /time set 0
[05:11:11] [Server thread/INFO]: [Sicxtino: Set the time to 0]
[05:14:00] [Server thread/INFO]: Sicxtino has made the advancement [Stone Age]
[05:14:23] [Server thread/INFO]: owlfab has made the advancement [Stone Age]
[05:14:24] [Server thread/INFO]: Sicxtino has made the advancement [Getting an Upgrade]
[05:14:40] [Server thread/INFO]: owlfab has made the advancement [Getting an Upgrade]
[05:16:20] [Async Chat Thread - #0/INFO]: [Not Secure] <Sicxtino> mira
[05:16:22] [Async Chat Thread - #1/INFO]: [Not Secure] <Sicxtino> esta aldea
[05:17:14] [Async Chat Thread - #0/INFO]: [Not Secure] <Sicxtino> es la primera vez que veo esto
[05:17:45] [Server thread/INFO]: Sicxtino has made the advancement [Acquire Hardware]
[05:17:57] [Async Chat Thread - #0/INFO]: [Not Secure] <Sicxtino> tienen pelo
[05:20:50] [Server thread/INFO]: owlfab has made the advancement [Acquire Hardware]
[05:23:26] [Async Chat Thread - #2/INFO]: [Not Secure] <Sicxtino> go sleep
[05:23:41] [Server thread/INFO]: owlfab has made the advancement [Monster Hunter]
[05:23:51] [Server thread/INFO]: owlfab has made the advancement [Sweet Dreams]
[05:24:08] [Server thread/INFO]: Sicxtino has made the advancement [Sweet Dreams]
[05:24:38] [Async Chat Thread - #4/INFO]: [Not Secure] <Sicxtino> busquemos otra
[05:24:40] [Async Chat Thread - #4/INFO]: [Not Secure] <Sicxtino> y una mina
[05:24:50] [Async Chat Thread - #5/INFO]: [Not Secure] <Sicxtino> yo te sigo
[05:25:45] [Async Chat Thread - #5/INFO]: [Not Secure] <Sicxtino> wtf
[05:25:48] [Async Chat Thread - #5/INFO]: [Not Secure] <Sicxtino> mira el otro bioma
[05:25:50] [Async Chat Thread - #5/INFO]: [Not Secure] <Sicxtino> de alfrente
[05:26:02] [Async Chat Thread - #5/INFO]: [Not Secure] <Sicxtino> se bugio todo
[05:26:42] [Async Chat Thread - #5/INFO]: [Not Secure] <Sicxtino> tas con shaders?
[05:26:51] [Async Chat Thread - #5/INFO]: [Not Secure] <Sicxtino> un panda
[05:26:58] [Async Chat Thread - #5/INFO]: [Not Secure] <Sicxtino> aa
[05:26:59] [Async Chat Thread - #5/INFO]: [Not Secure] <Sicxtino> aca
[05:28:22] [Async Chat Thread - #6/INFO]: [Not Secure] <Sicxtino> musica de atraco
[05:28:28] [Async Chat Thread - #6/INFO]: [Not Secure] <Sicxtino> mira
[05:28:32] [Server thread/INFO]: Villager Villager['Leatherworker'/1138, uuid='e461f7ce-efe7-4d29-abc8-c7fc58a1337c', l='ServerLevel[world]', x=-362.83, y=91.00, z=198.71, cpos=[-23, 12], tl=19761, v=true] died, message: 'Leatherworker was slain by Zombie'
[05:28:40] [Async Chat Thread - #6/INFO]: [Not Secure] <Sicxtino> si
[05:29:00] [Server thread/INFO]: Villager Villager['Villager'/1002, uuid='1f6ff8ec-9f3c-4f74-b3a5-8ca1cfa130cf', l='ServerLevel[world]', x=-379.62, y=88.00, z=195.23, cpos=[-24, 12], tl=20942, v=true] died, message: 'Villager was slain by Zombie Villager'
[05:29:17] [Async Chat Thread - #6/INFO]: [Not Secure] <Sicxtino> creo q esta es una seed bien rara
